Tue Jun 30 03:00:01 AM CST 2026: Backup smart_locker_20260630_030001.sql.gz done, size=56K
Wed Jul  1 03:00:02 AM CST 2026: Backup smart_locker_20260701_030001.sql.gz done, size=80K
Thu Jul  2 03:00:02 AM CST 2026: Backup smart_locker_20260702_030001.sql.gz done, size=92K
Fri Jul  3 03:00:02 AM CST 2026: Backup smart_locker_20260703_030001.sql.gz done, size=160K
Sat Jul  4 03:00:02 AM CST 2026: Backup smart_locker_20260704_030001.sql.gz done, size=248K
[20260704_030001] Backup done
[20260705_030001] Backup done
Sun Jul  5 03:00:02 AM CST 2026: Backup smart_locker_20260705_030001.sql.gz done, size=1.7M
[20260706_030001] Backup done
Mon Jul  6 03:00:07 AM CST 2026: Backup smart_locker_20260706_030001.sql.gz done, size=19M
/bin/sh: 1: /home/ubuntu/smart-locker/backup/auto_backup.sh: Permission denied
/bin/sh: 1: /home/ubuntu/smart-locker/backup/db_backup.sh: Permission denied
/bin/sh: 1: /home/ubuntu/smart-locker/backup/db_backup.sh: Permission denied
/bin/sh: 1: /home/ubuntu/smart-locker/backup/auto_backup.sh: Permission denied
/bin/sh: 1: /home/ubuntu/smart-locker/backup/auto_backup.sh: Permission denied
/bin/sh: 1: /home/ubuntu/smart-locker/backup/db_backup.sh: Permission denied
/bin/sh: 1: /home/ubuntu/smart-locker/backup/auto_backup.sh: Permission denied
/bin/sh: 1: /home/ubuntu/smart-locker/backup/db_backup.sh: Permission denied
/bin/sh: 1: /home/ubuntu/smart-locker/backup/db_backup.sh: Permission denied
/bin/sh: 1: /home/ubuntu/smart-locker/backup/auto_backup.sh: Permission denied
/bin/sh: 1: /home/ubuntu/smart-locker/backup/auto_backup.sh: Permission denied
/bin/sh: 1: /home/ubuntu/smart-locker/backup/db_backup.sh: Permission denied
